<?xml version="1.0" encoding="UTF-8"?>
<!-- Generated by org.testng.reporters.JUnitXMLReporter -->
<testsuite ignored="9" hostname="Jays-Mac-mini-3.local" failures="1" tests="10" name="Oilman" time="170.723" errors="0" timestamp="2024-02-26T19:04:04 IST">
  <testcase classname="testPackage.LoginTest" name="validLoginTest" time="16.743"/>
  <testcase classname="testPackage.CompanyAssetsTest" name="createCompany" time="18.414"/>
  <testcase classname="testPackage.CompanyAssetsTest" name="searchCompany" time="3.107"/>
  <testcase classname="testPackage.CompanyAssetsTest" name="editCompany" time="8.737"/>
  <testcase classname="testPackage.CompanyAssetsTest" name="deleteCompany" time="22.98"/>
  <testcase classname="testPackage.FieldAssetsTest" name="createField" time="28.171"/>
  <testcase classname="testPackage.FieldAssetsTest" name="searchFleld" time="3.963"/>
  <testcase classname="testPackage.FieldAssetsTest" name="editField" time="9.327"/>
  <testcase classname="testPackage.FieldAssetsTest" name="deleteField" time="24.092"/>
  <testcase classname="testPackage.LeaseAssetsTest" name="createLease" time="33.392">
    <failure type="org.openqa.selenium.NoSuchElementException" message="no such element: Unable to locate element: {&amp;quot;method&amp;quot;:&amp;quot;xpath&amp;quot;,&amp;quot;selector&amp;quot;:&amp;quot;//div[contains(@class,&amp;apos;paperAnchorRight&amp;apos;)][not(contains(@style,&amp;apos;visibility: hidden&amp;apos;))]//form//input[@placeholder=&amp;apos;Enter name&amp;apos;]&amp;quot;}
  (Session info: chrome=122.0.6261.69)
For documentation on this error, please visit: https://www.selenium.dev/documentation/webdriver/troubleshooting/errors#no-such-element-exception
Build info: version: &amp;apos;4.11.0&amp;apos;, revision: &amp;apos;040bc5406b&amp;apos;
System info: os.name: &amp;apos;Mac OS X&amp;apos;, os.arch: &amp;apos;x86_64&amp;apos;, os.version: &amp;apos;10.15.7&amp;apos;, java.version: &amp;apos;17.0.3&amp;apos;
Driver info: org.openqa.selenium.chrome.ChromeDriver
Command: [7e6e9ecdfc5de3cdd1e50c522ed541be, findElement {using=xpath, value=//div[contains(@class,&amp;apos;paperAnchorRight&amp;apos;)][not(contains(@style,&amp;apos;visibility: hidden&amp;apos;))]//form//input[@placeholder=&amp;apos;Enter name&amp;apos;]}]
Capabilities {acceptInsecureCerts: false, browserName: chrome, browserVersion: 122.0.6261.69, chrome: {chromedriverVersion: 122.0.6261.69 (81bc525b6a36..., userDataDir: /var/folders/p2/q2yjzrxs10s...}, fedcm:accounts: true, goog:chromeOptions: {debuggerAddress: localhost:55169}, networkConnectionEnabled: false, pageLoadStrategy: normal, platformName: mac, proxy: Proxy(), se:cdp: ws://localhost:55169/devtoo..., se:cdpVersion: 122.0.6261.69, setWindowRect: true, strictFileInteractability: false, timeouts: {implicit: 0, pageLoad: 300000, script: 30000}, unhandledPromptBehavior: dismiss and notify, webauthn:extension:credBlob: true, webauthn:extension:largeBlob: true, webauthn:extension:minPinLength: true, webauthn:extension:prf: true, webauthn:virtualAuthenticators: true}
Session ID: 7e6e9ecdfc5de3cdd1e50c522ed541be">
      <![CDATA[org.openqa.selenium.NoSuchElementException: no such element: Unable to locate element: {"method":"xpath","selector":"//div[contains(@class,'paperAnchorRight')][not(contains(@style,'visibility: hidden'))]//form//input[@placeholder='Enter name']"}
  (Session info: chrome=122.0.6261.69)
For documentation on this error, please visit: https://www.selenium.dev/documentation/webdriver/troubleshooting/errors#no-such-element-exception
Build info: version: '4.11.0', revision: '040bc5406b'
System info: os.name: 'Mac OS X', os.arch: 'x86_64', os.version: '10.15.7', java.version: '17.0.3'
Driver info: org.openqa.selenium.chrome.ChromeDriver
Command: [7e6e9ecdfc5de3cdd1e50c522ed541be, findElement {using=xpath, value=//div[contains(@class,'paperAnchorRight')][not(contains(@style,'visibility: hidden'))]//form//input[@placeholder='Enter name']}]
Capabilities {acceptInsecureCerts: false, browserName: chrome, browserVersion: 122.0.6261.69, chrome: {chromedriverVersion: 122.0.6261.69 (81bc525b6a36..., userDataDir: /var/folders/p2/q2yjzrxs10s...}, fedcm:accounts: true, goog:chromeOptions: {debuggerAddress: localhost:55169}, networkConnectionEnabled: false, pageLoadStrategy: normal, platformName: mac, proxy: Proxy(), se:cdp: ws://localhost:55169/devtoo..., se:cdpVersion: 122.0.6261.69, setWindowRect: true, strictFileInteractability: false, timeouts: {implicit: 0, pageLoad: 300000, script: 30000}, unhandledPromptBehavior: dismiss and notify, webauthn:extension:credBlob: true, webauthn:extension:largeBlob: true, webauthn:extension:minPinLength: true, webauthn:extension:prf: true, webauthn:virtualAuthenticators: true}
Session ID: 7e6e9ecdfc5de3cdd1e50c522ed541be
at org.openqa.selenium.remote.codec.w3c.W3CHttpResponseCodec.createException(W3CHttpResponseCodec.java:200)
at org.openqa.selenium.remote.codec.w3c.W3CHttpResponseCodec.decode(W3CHttpResponseCodec.java:133)
at org.openqa.selenium.remote.codec.w3c.W3CHttpResponseCodec.decode(W3CHttpResponseCodec.java:52)
at org.openqa.selenium.remote.HttpCommandExecutor.execute(HttpCommandExecutor.java:191)
at org.openqa.selenium.remote.service.DriverCommandExecutor.invokeExecute(DriverCommandExecutor.java:196)
at org.openqa.selenium.remote.service.DriverCommandExecutor.execute(DriverCommandExecutor.java:171)
at org.openqa.selenium.remote.RemoteWebDriver.execute(RemoteWebDriver.java:518)
at org.openqa.selenium.remote.ElementLocation$ElementFinder$2.findElement(ElementLocation.java:165)
at org.openqa.selenium.remote.ElementLocation.findElement(ElementLocation.java:59)
at org.openqa.selenium.remote.RemoteWebDriver.findElement(RemoteWebDriver.java:355)
at org.openqa.selenium.remote.RemoteWebDriver.findElement(RemoteWebDriver.java:349)
at org.openqa.selenium.support.pagefactory.DefaultElementLocator.findElement(DefaultElementLocator.java:68)
at org.openqa.selenium.support.pagefactory.internal.LocatingElementHandler.invoke(LocatingElementHandler.java:38)
at jdk.proxy2/jdk.proxy2.$Proxy21.isDisplayed(Unknown Source)
at pageClass.LeaseAssetsPage.enterLeaseName(LeaseAssetsPage.java:58)
at testPackage.LeaseAssetsTest.createLease(LeaseAssetsTest.java:24)
at java.base/java.util.ArrayList.forEach(ArrayList.java:1511)
... Removed 32 stack frames]]>
    </failure>
  </testcase> <!-- createLease -->
  <testcase classname="testBase.TestBase" name="@BeforeTest initializeExtentReport" time="0.0">
    <ignored/>
  </testcase> <!-- @BeforeTest initializeExtentReport -->
  <testcase classname="testBase.TestBase" name="@BeforeTest initializeExtentReport" time="0.0">
    <ignored/>
  </testcase> <!-- @BeforeTest initializeExtentReport -->
  <testcase classname="testBase.TestBase" name="@BeforeTest initializeExtentReport" time="0.0">
    <ignored/>
  </testcase> <!-- @BeforeTest initializeExtentReport -->
  <testcase classname="testBase.TestBase" name="@BeforeSuite prerequisite" time="0.0">
    <ignored/>
  </testcase> <!-- @BeforeSuite prerequisite -->
  <testcase classname="testBase.TestBase" name="@BeforeSuite prerequisite" time="0.0">
    <ignored/>
  </testcase> <!-- @BeforeSuite prerequisite -->
  <testcase classname="testBase.TestBase" name="@BeforeSuite prerequisite" time="0.0">
    <ignored/>
  </testcase> <!-- @BeforeSuite prerequisite -->
  <testcase classname="testBase.TestBase" name="@AfterTest flush" time="0.0">
    <ignored/>
  </testcase> <!-- @AfterTest flush -->
  <testcase classname="testBase.TestBase" name="@AfterTest flush" time="0.0">
    <ignored/>
  </testcase> <!-- @AfterTest flush -->
  <testcase classname="testBase.TestBase" name="@AfterTest flush" time="0.0">
    <ignored/>
  </testcase> <!-- @AfterTest flush -->
</testsuite> <!-- Oilman -->
